<?xml version="1.0" encoding="UTF-8"?>
<!-- Generated by org.testng.reporters.JUnitXMLReporter -->
<testsuite ignored="0" hostname="LAPTOP-50KDO1EJ" failures="0" tests="3" name="Default test" time="0.046" errors="0" timestamp="2022-04-20T18:27:58 IST">
  <testcase classname="com.harman.test.LoginTest" name="validCredentialTest" time="0.007"/>
  <testcase classname="com.harman.test.LoginTest" name="validCredentialTest" time="0.001"/>
  <testcase classname="com.harman.test.LoginTest" name="validCredentialTest" time="0.001"/>
</testsuite> <!-- Default test -->
