<?xml version="1.0" encoding="UTF-8"?>
<testng-results ignored="0" total="1" passed="1" failed="0" skipped="0">
  <reporter-output>
  </reporter-output>
  <suite started-at="2022-04-20T21:37:53 IST" name="Suite" finished-at="2022-04-20T21:39:36 IST" duration-ms="102926">
    <groups>
    </groups>
    <test started-at="2022-04-20T21:37:53 IST" name="OpenEMR Test" finished-at="2022-04-20T21:39:36 IST" duration-ms="102926">
      <class name="com.harman.test.LoginUITest">
        <test-method is-config="true" signature="setup()[pri:0, instance:com.harman.test.LoginUITest@428640fa]" started-at="2022-04-20T21:37:53 IST" name="setup" finished-at="2022-04-20T21:39:35 IST" duration-ms="102121" status="PASS">
          <reporter-output>
          </reporter-output>
        </test-method> <!-- setup -->
        <test-method signature="validateTitleTest()[pri:0, instance:com.harman.test.LoginUITest@428640fa]" started-at="2022-04-20T21:39:35 IST" name="validateTitleTest" finished-at="2022-04-20T21:39:35 IST" duration-ms="16" status="PASS">
          <reporter-output>
          </reporter-output>
        </test-method> <!-- validateTitleTest -->
        <test-method is-config="true" signature="teardown()[pri:0, instance:com.harman.test.LoginUITest@428640fa]" started-at="2022-04-20T21:39:35 IST" name="teardown" finished-at="2022-04-20T21:39:36 IST" duration-ms="764" status="PASS">
          <reporter-output>
          </reporter-output>
        </test-method> <!-- teardown -->
      </class> <!-- com.harman.test.LoginUITest -->
    </test> <!-- OpenEMR Test -->
  </suite> <!-- Suite -->
</testng-results>
