<?xml version="1.0" encoding="UTF-8"?>
<testng-results ignored="0" total="3" passed="3" failed="0" skipped="0">
  <reporter-output>
  </reporter-output>
  <suite started-at="2022-04-20T18:27:58 IST" name="Default suite" finished-at="2022-04-20T18:27:58 IST" duration-ms="46">
    <groups>
    </groups>
    <test started-at="2022-04-20T18:27:58 IST" name="Default test" finished-at="2022-04-20T18:27:58 IST" duration-ms="46">
      <class name="com.harman.test.LoginTest">
        <test-method signature="validCredentialTest()[pri:0, instance:com.harman.test.LoginTest@659499f1]" started-at="2022-04-20T18:27:58 IST" name="validCredentialTest" finished-at="2022-04-20T18:27:58 IST" duration-ms="7" status="PASS">
          <reporter-output>
          </reporter-output>
        </test-method> <!-- validCredentialTest -->
        <test-method signature="validCredentialTest()[pri:0, instance:com.harman.test.LoginTest@659499f1]" started-at="2022-04-20T18:27:58 IST" name="validCredentialTest" finished-at="2022-04-20T18:27:58 IST" duration-ms="1" status="PASS">
          <reporter-output>
          </reporter-output>
        </test-method> <!-- validCredentialTest -->
        <test-method signature="validCredentialTest()[pri:0, instance:com.harman.test.LoginTest@659499f1]" started-at="2022-04-20T18:27:58 IST" name="validCredentialTest" finished-at="2022-04-20T18:27:58 IST" duration-ms="1" status="PASS">
          <reporter-output>
          </reporter-output>
        </test-method> <!-- validCredentialTest -->
      </class> <!-- com.harman.test.LoginTest -->
    </test> <!-- Default test -->
  </suite> <!-- Default suite -->
</testng-results>
